0 info it worked if it ends with ok
1 verbose cli [ 'node', '/Users/david/local/bin/npm', 'run', 'watch' ]
2 info using npm@2.2.0
3 info using node@v0.10.24
4 verbose stack Error: Invalid name: "/org"
4 verbose stack     at ensureValidName (/Users/david/local/lib/node_modules/npm/node_modules/normalize-package-data/lib/fixer.js:322:15)
4 verbose stack     at Object.module.exports.fixNameField (/Users/david/local/lib/node_modules/npm/node_modules/normalize-package-data/lib/fixer.js:211:5)
4 verbose stack     at /Users/david/local/lib/node_modules/npm/node_modules/normalize-package-data/lib/normalize.js:30:38
4 verbose stack     at Array.forEach (native)
4 verbose stack     at normalize (/Users/david/local/lib/node_modules/npm/node_modules/normalize-package-data/lib/normalize.js:29:15)
4 verbose stack     at final (/Users/david/local/lib/node_modules/npm/node_modules/read-package-json/read-json.js:342:33)
4 verbose stack     at then (/Users/david/local/lib/node_modules/npm/node_modules/read-package-json/read-json.js:126:33)
4 verbose stack     at /Users/david/local/lib/node_modules/npm/node_modules/read-package-json/read-json.js:331:40
4 verbose stack     at evalmachine.<anonymous>:266:14
4 verbose stack     at /Users/david/local/lib/node_modules/npm/node_modules/graceful-fs/graceful-fs.js:102:5
5 verbose cwd /Users/david/local/org.codefordenver
6 error Darwin 14.0.0
7 error argv "node" "/Users/david/local/bin/npm" "run" "watch"
8 error node v0.10.24
9 error npm  v2.2.0
10 error Invalid name: "/org"
11 error If you need help, you may report this error at:
11 error     <http://github.com/npm/npm/issues>
12 verbose exit [ 1, true ]
